<?xml version="1.0"?>
<testsuite name="Chrome 50.0.2661 (Windows 10 0.0.0)" package="" timestamp="2016-05-19T15:31:23" id="0" hostname="AaronEJs-Laptop" tests="39" errors="0" failures="33" time="0.559">
  <properties>
    <property name="browser.fullName" value="Mozilla/5.0 (Windows NT 10.0; WOW64) AppleWebKit/537.36 (KHTML, like Gecko) Chrome/50.0.2661.102 Safari/537.36"/>
  </properties>
  <testcase name="Apply fee of Cash" time="0.073" classname="Chrome_50_0_2661_(Windows_10_0_0_0).Fee">
    <failure type="">TypeError: angular.element.cleanData is not a function
    at Function.module.$$cleanup (E:/xampp/htdocs/cgf/rcredits-mobile/node_modules/angular-mocks/angular-mocks.js:2802:23)
    at Object.module.$$afterEach (E:/xampp/htdocs/cgf/rcredits-mobile/node_modules/angular-mocks/angular-mocks.js:2772:14)
</failure>
  </testcase>
  <testcase name="Apply fee of Percent" time="0.012" classname="Chrome_50_0_2661_(Windows_10_0_0_0).Fee">
    <failure type="">TypeError: angular.element.cleanData is not a function
    at Function.module.$$cleanup (E:/xampp/htdocs/cgf/rcredits-mobile/node_modules/angular-mocks/angular-mocks.js:2802:23)
    at Object.module.$$afterEach (E:/xampp/htdocs/cgf/rcredits-mobile/node_modules/angular-mocks/angular-mocks.js:2772:14)
</failure>
  </testcase>
  <testcase name="Apply fee for Zero amount" time="0.011" classname="Chrome_50_0_2661_(Windows_10_0_0_0).Fee">
    <failure type="">TypeError: angular.element.cleanData is not a function
    at Function.module.$$cleanup (E:/xampp/htdocs/cgf/rcredits-mobile/node_modules/angular-mocks/angular-mocks.js:2802:23)
    at Object.module.$$afterEach (E:/xampp/htdocs/cgf/rcredits-mobile/node_modules/angular-mocks/angular-mocks.js:2772:14)
</failure>
  </testcase>
  <testcase name="Apply fee for Negative amount" time="0.015" classname="Chrome_50_0_2661_(Windows_10_0_0_0).Fee">
    <failure type="">TypeError: angular.element.cleanData is not a function
    at Function.module.$$cleanup (E:/xampp/htdocs/cgf/rcredits-mobile/node_modules/angular-mocks/angular-mocks.js:2802:23)
    at Object.module.$$afterEach (E:/xampp/htdocs/cgf/rcredits-mobile/node_modules/angular-mocks/angular-mocks.js:2772:14)
</failure>
  </testcase>
  <testcase name="Apply fee" time="0.011" classname="Chrome_50_0_2661_(Windows_10_0_0_0).Payment Type">
    <failure type="">TypeError: angular.element.cleanData is not a function
    at Function.module.$$cleanup (E:/xampp/htdocs/cgf/rcredits-mobile/node_modules/angular-mocks/angular-mocks.js:2802:23)
    at Object.module.$$afterEach (E:/xampp/htdocs/cgf/rcredits-mobile/node_modules/angular-mocks/angular-mocks.js:2772:14)
</failure>
  </testcase>
  <testcase name="Should set Name" time="0.01" classname="Chrome_50_0_2661_(Windows_10_0_0_0).Seller Model">
    <failure type="">TypeError: angular.element.cleanData is not a function
    at Function.module.$$cleanup (E:/xampp/htdocs/cgf/rcredits-mobile/node_modules/angular-mocks/angular-mocks.js:2802:23)
    at Object.module.$$afterEach (E:/xampp/htdocs/cgf/rcredits-mobile/node_modules/angular-mocks/angular-mocks.js:2772:14)
</failure>
  </testcase>
  <testcase name="Should have localStorage device" time="0.009" classname="Chrome_50_0_2661_(Windows_10_0_0_0).Seller Model">
    <failure type="">TypeError: angular.element.cleanData is not a function
    at Function.module.$$cleanup (E:/xampp/htdocs/cgf/rcredits-mobile/node_modules/angular-mocks/angular-mocks.js:2802:23)
    at Object.module.$$afterEach (E:/xampp/htdocs/cgf/rcredits-mobile/node_modules/angular-mocks/angular-mocks.js:2772:14)
</failure>
  </testcase>
  <testcase name="Should not have Device ID" time="0.01" classname="Chrome_50_0_2661_(Windows_10_0_0_0).Seller Model">
    <failure type="">TypeError: angular.element.cleanData is not a function
    at Function.module.$$cleanup (E:/xampp/htdocs/cgf/rcredits-mobile/node_modules/angular-mocks/angular-mocks.js:2802:23)
    at Object.module.$$afterEach (E:/xampp/htdocs/cgf/rcredits-mobile/node_modules/angular-mocks/angular-mocks.js:2772:14)
</failure>
  </testcase>
  <testcase name="Should have custom Device ID" time="0.01" classname="Chrome_50_0_2661_(Windows_10_0_0_0).Seller Model">
    <failure type="">TypeError: angular.element.cleanData is not a function
    at Function.module.$$cleanup (E:/xampp/htdocs/cgf/rcredits-mobile/node_modules/angular-mocks/angular-mocks.js:2802:23)
    at Object.module.$$afterEach (E:/xampp/htdocs/cgf/rcredits-mobile/node_modules/angular-mocks/angular-mocks.js:2772:14)
</failure>
  </testcase>
  <testcase name="Not valid device ID" time="0.008" classname="Chrome_50_0_2661_(Windows_10_0_0_0).Seller Model">
    <failure type="">TypeError: angular.element.cleanData is not a function
    at Function.module.$$cleanup (E:/xampp/htdocs/cgf/rcredits-mobile/node_modules/angular-mocks/angular-mocks.js:2802:23)
    at Object.module.$$afterEach (E:/xampp/htdocs/cgf/rcredits-mobile/node_modules/angular-mocks/angular-mocks.js:2772:14)
</failure>
  </testcase>
  <testcase name="Throw exception when setting invalid Device ID" time="0.014" classname="Chrome_50_0_2661_(Windows_10_0_0_0).Seller Model">
    <failure type="">TypeError: angular.element.cleanData is not a function
    at Function.module.$$cleanup (E:/xampp/htdocs/cgf/rcredits-mobile/node_modules/angular-mocks/angular-mocks.js:2802:23)
    at Object.module.$$afterEach (E:/xampp/htdocs/cgf/rcredits-mobile/node_modules/angular-mocks/angular-mocks.js:2772:14)
</failure>
  </testcase>
  <testcase name="Should create url replace the member ID" time="0.001" classname="Chrome_50_0_2661_(Windows_10_0_0_0).Url Configurator">
    <failure type="">TypeError: account.isDemo is not a function
    at UrlConfigurator.getServerUrl (E:/xampp/htdocs/cgf/rcredits-mobile/www/js/models/url_configurator.js:7:15)
    at Object.&lt;anonymous&gt; (E:/xampp/htdocs/cgf/rcredits-mobile/test/js/models/url_configurator_spec.js:9:61)
</failure>
  </testcase>
  <testcase name="Scan is a QR CODE" time="0.018" classname="Chrome_50_0_2661_(Windows_10_0_0_0).Barcode Scanner Service">
    <failure type="">TypeError: angular.element.cleanData is not a function
    at Function.module.$$cleanup (E:/xampp/htdocs/cgf/rcredits-mobile/node_modules/angular-mocks/angular-mocks.js:2802:23)
    at Object.module.$$afterEach (E:/xampp/htdocs/cgf/rcredits-mobile/node_modules/angular-mocks/angular-mocks.js:2772:14)
    at E:/xampp/htdocs/cgf/rcredits-mobile/test/js/services/barcode_service_spec.js:28:6
    at processQueue (E:/xampp/htdocs/cgf/rcredits-mobile/www/lib/ionic/js/ionic.bundle.js:27879:28)
    at E:/xampp/htdocs/cgf/rcredits-mobile/www/lib/ionic/js/ionic.bundle.js:27895:27
    at Scope.$eval (E:/xampp/htdocs/cgf/rcredits-mobile/www/lib/ionic/js/ionic.bundle.js:29158:28)
</failure>
  </testcase>
  <testcase name="Scan is NOT a QR CODE" time="0.072" classname="Chrome_50_0_2661_(Windows_10_0_0_0).Barcode Scanner Service">
    <failure type="">TypeError: angular.element.cleanData is not a function
    at Function.module.$$cleanup (E:/xampp/htdocs/cgf/rcredits-mobile/node_modules/angular-mocks/angular-mocks.js:2802:23)
    at Object.module.$$afterEach (E:/xampp/htdocs/cgf/rcredits-mobile/node_modules/angular-mocks/angular-mocks.js:2772:14)
    at E:/xampp/htdocs/cgf/rcredits-mobile/test/js/services/barcode_service_spec.js:38:6
    at processQueue (E:/xampp/htdocs/cgf/rcredits-mobile/www/lib/ionic/js/ionic.bundle.js:27879:28)
    at E:/xampp/htdocs/cgf/rcredits-mobile/www/lib/ionic/js/ionic.bundle.js:27895:27
    at Scope.$eval (E:/xampp/htdocs/cgf/rcredits-mobile/www/lib/ionic/js/ionic.bundle.js:29158:28)
</failure>
  </testcase>
  <testcase name="Scan Was Cancelled" time="0.012" classname="Chrome_50_0_2661_(Windows_10_0_0_0).Barcode Scanner Service">
    <failure type="">TypeError: angular.element.cleanData is not a function
    at Function.module.$$cleanup (E:/xampp/htdocs/cgf/rcredits-mobile/node_modules/angular-mocks/angular-mocks.js:2802:23)
    at Object.module.$$afterEach (E:/xampp/htdocs/cgf/rcredits-mobile/node_modules/angular-mocks/angular-mocks.js:2772:14)
    at E:/xampp/htdocs/cgf/rcredits-mobile/test/js/services/barcode_service_spec.js:48:6
    at processQueue (E:/xampp/htdocs/cgf/rcredits-mobile/www/lib/ionic/js/ionic.bundle.js:27879:28)
    at E:/xampp/htdocs/cgf/rcredits-mobile/www/lib/ionic/js/ionic.bundle.js:27895:27
    at Scope.$eval (E:/xampp/htdocs/cgf/rcredits-mobile/www/lib/ionic/js/ionic.bundle.js:29158:28)
</failure>
  </testcase>
  <testcase name="Scan Failed" time="0.022" classname="Chrome_50_0_2661_(Windows_10_0_0_0).Barcode Scanner Service">
    <failure type="">TypeError: angular.element.cleanData is not a function
    at Function.module.$$cleanup (E:/xampp/htdocs/cgf/rcredits-mobile/node_modules/angular-mocks/angular-mocks.js:2802:23)
    at Object.module.$$afterEach (E:/xampp/htdocs/cgf/rcredits-mobile/node_modules/angular-mocks/angular-mocks.js:2772:14)
    at E:/xampp/htdocs/cgf/rcredits-mobile/test/js/services/barcode_service_spec.js:59:6
    at processQueue (E:/xampp/htdocs/cgf/rcredits-mobile/www/lib/ionic/js/ionic.bundle.js:27879:28)
    at E:/xampp/htdocs/cgf/rcredits-mobile/www/lib/ionic/js/ionic.bundle.js:27895:27
    at Scope.$eval (E:/xampp/htdocs/cgf/rcredits-mobile/www/lib/ionic/js/ionic.bundle.js:29158:28)
</failure>
  </testcase>
  <testcase name="Should create Money Types when instantiated" time="0.013" classname="Chrome_50_0_2661_(Windows_10_0_0_0).Exchange Service">
    <failure type="">TypeError: angular.element.cleanData is not a function
    at Function.module.$$cleanup (E:/xampp/htdocs/cgf/rcredits-mobile/node_modules/angular-mocks/angular-mocks.js:2802:23)
    at Object.module.$$afterEach (E:/xampp/htdocs/cgf/rcredits-mobile/node_modules/angular-mocks/angular-mocks.js:2772:14)
</failure>
  </testcase>
  <testcase name="Should return cloned Money Instances" time="0.011" classname="Chrome_50_0_2661_(Windows_10_0_0_0).Exchange Service">
    <failure type="">TypeError: angular.element.cleanData is not a function
    at Function.module.$$cleanup (E:/xampp/htdocs/cgf/rcredits-mobile/node_modules/angular-mocks/angular-mocks.js:2802:23)
    at Object.module.$$afterEach (E:/xampp/htdocs/cgf/rcredits-mobile/node_modules/angular-mocks/angular-mocks.js:2772:14)
</failure>
  </testcase>
  <testcase name="Should create Payment Types when instantiated" time="0.011" classname="Chrome_50_0_2661_(Windows_10_0_0_0).Exchange Service">
    <failure type="">TypeError: angular.element.cleanData is not a function
    at Function.module.$$cleanup (E:/xampp/htdocs/cgf/rcredits-mobile/node_modules/angular-mocks/angular-mocks.js:2802:23)
    at Object.module.$$afterEach (E:/xampp/htdocs/cgf/rcredits-mobile/node_modules/angular-mocks/angular-mocks.js:2772:14)
</failure>
  </testcase>
  <testcase name="Should return cloned Payment Instances" time="0.013" classname="Chrome_50_0_2661_(Windows_10_0_0_0).Exchange Service">
    <failure type="">TypeError: angular.element.cleanData is not a function
    at Function.module.$$cleanup (E:/xampp/htdocs/cgf/rcredits-mobile/node_modules/angular-mocks/angular-mocks.js:2802:23)
    at Object.module.$$afterEach (E:/xampp/htdocs/cgf/rcredits-mobile/node_modules/angular-mocks/angular-mocks.js:2772:14)
</failure>
  </testcase>
  <testcase name="Account type must be Company" time="0.001" classname="Chrome_50_0_2661_(Windows_10_0_0_0).QRCode Parser"/>
  <testcase name="Account type must be Personal" time="0" classname="Chrome_50_0_2661_(Windows_10_0_0_0).QRCode Parser"/>
  <testcase name="Parse Company Account ID" time="0" classname="Chrome_50_0_2661_(Windows_10_0_0_0).QRCode Parser"/>
  <testcase name="Parse Individual Account ID" time="0" classname="Chrome_50_0_2661_(Windows_10_0_0_0).QRCode Parser"/>
  <testcase name="Parse Company Security Code" time="0" classname="Chrome_50_0_2661_(Windows_10_0_0_0).QRCode Parser"/>
  <testcase name="Parse Individual Security Code" time="0" classname="Chrome_50_0_2661_(Windows_10_0_0_0).QRCode Parser"/>
  <testcase name="Should create a Transaction given a transaction response" time="0.025" classname="Chrome_50_0_2661_(Windows_10_0_0_0).Transaction Service">
    <failure type="">TypeError: angular.element.cleanData is not a function
    at Function.module.$$cleanup (E:/xampp/htdocs/cgf/rcredits-mobile/node_modules/angular-mocks/angular-mocks.js:2802:23)
    at Object.module.$$afterEach (E:/xampp/htdocs/cgf/rcredits-mobile/node_modules/angular-mocks/angular-mocks.js:2772:14)
</failure>
  </testcase>
  <testcase name="Should charge and return a Transaction Object" time="0.02" classname="Chrome_50_0_2661_(Windows_10_0_0_0).Transaction Service">
    <failure type="">TypeError: Cannot read property 'accountInfo' of null
    at TransactionService.makeTransactionRequest (E:/xampp/htdocs/cgf/rcredits-mobile/www/js/services/transaction_service.js:40:53)
    at TransactionService.charge (E:/xampp/htdocs/cgf/rcredits-mobile/www/js/services/transaction_service.js:79:16)
    at Object.&lt;anonymous&gt; (E:/xampp/htdocs/cgf/rcredits-mobile/test/js/services/transaction_service_spec.js:120:26)
</failure>
    <failure type="">TypeError: angular.element.cleanData is not a function
    at Function.module.$$cleanup (E:/xampp/htdocs/cgf/rcredits-mobile/node_modules/angular-mocks/angular-mocks.js:2802:23)
    at Object.module.$$afterEach (E:/xampp/htdocs/cgf/rcredits-mobile/node_modules/angular-mocks/angular-mocks.js:2772:14)
</failure>
  </testcase>
  <testcase name="Should charge and update customer reward and balance" time="0.015" classname="Chrome_50_0_2661_(Windows_10_0_0_0).Transaction Service">
    <failure type="">TypeError: Cannot read property 'accountInfo' of null
    at TransactionService.makeTransactionRequest (E:/xampp/htdocs/cgf/rcredits-mobile/www/js/services/transaction_service.js:40:53)
    at TransactionService.charge (E:/xampp/htdocs/cgf/rcredits-mobile/www/js/services/transaction_service.js:79:16)
    at Object.&lt;anonymous&gt; (E:/xampp/htdocs/cgf/rcredits-mobile/test/js/services/transaction_service_spec.js:136:26)
</failure>
    <failure type="">TypeError: angular.element.cleanData is not a function
    at Function.module.$$cleanup (E:/xampp/htdocs/cgf/rcredits-mobile/node_modules/angular-mocks/angular-mocks.js:2802:23)
    at Object.module.$$afterEach (E:/xampp/htdocs/cgf/rcredits-mobile/node_modules/angular-mocks/angular-mocks.js:2772:14)
</failure>
  </testcase>
  <testcase name="Charge transaction should fail" time="0.016" classname="Chrome_50_0_2661_(Windows_10_0_0_0).Transaction Service">
    <failure type="">TypeError: Cannot read property 'accountInfo' of null
    at TransactionService.makeTransactionRequest (E:/xampp/htdocs/cgf/rcredits-mobile/www/js/services/transaction_service.js:40:53)
    at TransactionService.charge (E:/xampp/htdocs/cgf/rcredits-mobile/www/js/services/transaction_service.js:79:16)
    at Object.&lt;anonymous&gt; (E:/xampp/htdocs/cgf/rcredits-mobile/test/js/services/transaction_service_spec.js:146:26)
</failure>
    <failure type="">TypeError: angular.element.cleanData is not a function
    at Function.module.$$cleanup (E:/xampp/htdocs/cgf/rcredits-mobile/node_modules/angular-mocks/angular-mocks.js:2802:23)
    at Object.module.$$afterEach (E:/xampp/htdocs/cgf/rcredits-mobile/node_modules/angular-mocks/angular-mocks.js:2772:14)
</failure>
  </testcase>
  <testcase name="Should charge and return a Transaction Object" time="0.017" classname="Chrome_50_0_2661_(Windows_10_0_0_0).Transaction Service">
    <failure type="">TypeError: Cannot read property 'accountInfo' of null
    at TransactionService.makeTransactionRequest (E:/xampp/htdocs/cgf/rcredits-mobile/www/js/services/transaction_service.js:40:53)
    at TransactionService.charge (E:/xampp/htdocs/cgf/rcredits-mobile/www/js/services/transaction_service.js:79:16)
    at TransactionService.refund (E:/xampp/htdocs/cgf/rcredits-mobile/www/js/services/transaction_service.js:108:16)
    at Object.&lt;anonymous&gt; (E:/xampp/htdocs/cgf/rcredits-mobile/test/js/services/transaction_service_spec.js:159:26)
</failure>
    <failure type="">TypeError: angular.element.cleanData is not a function
    at Function.module.$$cleanup (E:/xampp/htdocs/cgf/rcredits-mobile/node_modules/angular-mocks/angular-mocks.js:2802:23)
    at Object.module.$$afterEach (E:/xampp/htdocs/cgf/rcredits-mobile/node_modules/angular-mocks/angular-mocks.js:2772:14)
</failure>
  </testcase>
  <testcase name="Should undo a Transaction" time="0.013" classname="Chrome_50_0_2661_(Windows_10_0_0_0).Transaction Service">
    <failure type="">TypeError: Cannot read property 'accountInfo' of null
    at TransactionService.makeTransactionRequest (E:/xampp/htdocs/cgf/rcredits-mobile/www/js/services/transaction_service.js:40:53)
    at TransactionService.charge (E:/xampp/htdocs/cgf/rcredits-mobile/www/js/services/transaction_service.js:79:16)
    at Object.&lt;anonymous&gt; (E:/xampp/htdocs/cgf/rcredits-mobile/test/js/services/transaction_service_spec.js:175:26)
</failure>
    <failure type="">TypeError: angular.element.cleanData is not a function
    at Function.module.$$cleanup (E:/xampp/htdocs/cgf/rcredits-mobile/node_modules/angular-mocks/angular-mocks.js:2802:23)
    at Object.module.$$afterEach (E:/xampp/htdocs/cgf/rcredits-mobile/node_modules/angular-mocks/angular-mocks.js:2772:14)
</failure>
  </testcase>
  <testcase name="Should send correct member and code values based on input URL" time="0.025" classname="Chrome_50_0_2661_(Windows_10_0_0_0).User Service">
    <failure type="">TypeError: angular.element.cleanData is not a function
    at Function.module.$$cleanup (E:/xampp/htdocs/cgf/rcredits-mobile/node_modules/angular-mocks/angular-mocks.js:2802:23)
    at Object.module.$$afterEach (E:/xampp/htdocs/cgf/rcredits-mobile/node_modules/angular-mocks/angular-mocks.js:2772:14)
</failure>
  </testcase>
  <testcase name="Should handle error (i.e. ok = 0)" time="0.013" classname="Chrome_50_0_2661_(Windows_10_0_0_0).User Service">
    <failure type="">Expected undefined to be 'bad agent NEW:AABs'.
    at E:/xampp/htdocs/cgf/rcredits-mobile/test/js/services/user_service_spec.js:81:24
    at processQueue (E:/xampp/htdocs/cgf/rcredits-mobile/www/lib/ionic/js/ionic.bundle.js:27879:28)
    at E:/xampp/htdocs/cgf/rcredits-mobile/www/lib/ionic/js/ionic.bundle.js:27895:27
    at Scope.$eval (E:/xampp/htdocs/cgf/rcredits-mobile/www/lib/ionic/js/ionic.bundle.js:29158:28)
</failure>
    <failure type="">TypeError: angular.element.cleanData is not a function
    at Function.module.$$cleanup (E:/xampp/htdocs/cgf/rcredits-mobile/node_modules/angular-mocks/angular-mocks.js:2802:23)
    at Object.module.$$afterEach (E:/xampp/htdocs/cgf/rcredits-mobile/node_modules/angular-mocks/angular-mocks.js:2772:14)
</failure>
  </testcase>
  <testcase name="Should also set firstLogin: FALSE on seller object if deviceId was not sent" time="0.012" classname="Chrome_50_0_2661_(Windows_10_0_0_0).User Service">
    <failure type="">TypeError: angular.element.cleanData is not a function
    at Function.module.$$cleanup (E:/xampp/htdocs/cgf/rcredits-mobile/node_modules/angular-mocks/angular-mocks.js:2802:23)
    at Object.module.$$afterEach (E:/xampp/htdocs/cgf/rcredits-mobile/node_modules/angular-mocks/angular-mocks.js:2772:14)
</failure>
  </testcase>
  <testcase name="Should also set firstLogin: TRUE on seller object if deviceId was sent and it's not on localStorage" time="0.012" classname="Chrome_50_0_2661_(Windows_10_0_0_0).User Service">
    <failure type="">TypeError: angular.element.cleanData is not a function
    at Function.module.$$cleanup (E:/xampp/htdocs/cgf/rcredits-mobile/node_modules/angular-mocks/angular-mocks.js:2802:23)
    at Object.module.$$afterEach (E:/xampp/htdocs/cgf/rcredits-mobile/node_modules/angular-mocks/angular-mocks.js:2772:14)
</failure>
  </testcase>
  <testcase name="Seller login error" time="0.012" classname="Chrome_50_0_2661_(Windows_10_0_0_0).User Service">
    <failure type="">Expected undefined to be 'login_your_self'.
    at E:/xampp/htdocs/cgf/rcredits-mobile/test/js/services/user_service_spec.js:116:24
    at processQueue (E:/xampp/htdocs/cgf/rcredits-mobile/www/lib/ionic/js/ionic.bundle.js:27879:28)
    at E:/xampp/htdocs/cgf/rcredits-mobile/www/lib/ionic/js/ionic.bundle.js:27895:27
    at Scope.$eval (E:/xampp/htdocs/cgf/rcredits-mobile/www/lib/ionic/js/ionic.bundle.js:29158:28)
</failure>
    <failure type="">TypeError: angular.element.cleanData is not a function
    at Function.module.$$cleanup (E:/xampp/htdocs/cgf/rcredits-mobile/node_modules/angular-mocks/angular-mocks.js:2802:23)
    at Object.module.$$afterEach (E:/xampp/htdocs/cgf/rcredits-mobile/node_modules/angular-mocks/angular-mocks.js:2772:14)
</failure>
  </testcase>
  <testcase name="Customer login" time="0.012" classname="Chrome_50_0_2661_(Windows_10_0_0_0).User Service">
    <failure type="">can_not_use_demo_card thrown
</failure>
    <failure type="">Error: Unflushed requests: 5
    at Function.$httpBackend.verifyNoOutstandingRequest (E:/xampp/htdocs/cgf/rcredits-mobile/node_modules/angular-mocks/angular-mocks.js:1840:13)
    at Object.&lt;anonymous&gt; (E:/xampp/htdocs/cgf/rcredits-mobile/test/js/services/user_service_spec.js:58:17)
</failure>
    <failure type="">TypeError: angular.element.cleanData is not a function
    at Function.module.$$cleanup (E:/xampp/htdocs/cgf/rcredits-mobile/node_modules/angular-mocks/angular-mocks.js:2802:23)
    at Object.module.$$afterEach (E:/xampp/htdocs/cgf/rcredits-mobile/node_modules/angular-mocks/angular-mocks.js:2772:14)
</failure>
  </testcase>
  <testcase name="Customer login with FIRST PURCHASE" time="0.01" classname="Chrome_50_0_2661_(Windows_10_0_0_0).User Service">
    <failure type="">can_not_use_demo_card thrown
</failure>
    <failure type="">Error: Unflushed requests: 5
    at Function.$httpBackend.verifyNoOutstandingRequest (E:/xampp/htdocs/cgf/rcredits-mobile/node_modules/angular-mocks/angular-mocks.js:1840:13)
    at Object.&lt;anonymous&gt; (E:/xampp/htdocs/cgf/rcredits-mobile/test/js/services/user_service_spec.js:58:17)
</failure>
    <failure type="">TypeError: angular.element.cleanData is not a function
    at Function.module.$$cleanup (E:/xampp/htdocs/cgf/rcredits-mobile/node_modules/angular-mocks/angular-mocks.js:2802:23)
    at Object.module.$$afterEach (E:/xampp/htdocs/cgf/rcredits-mobile/node_modules/angular-mocks/angular-mocks.js:2772:14)
</failure>
  </testcase>
  <system-out>
    <![CDATA[Chrome 50.0.2661 (Windows 10 0.0.0) LOG: 'web view'
,Chrome 50.0.2661 (Windows 10 0.0.0) LOG: 'web view'
,Chrome 50.0.2661 (Windows 10 0.0.0) LOG: 'web view'
,Chrome 50.0.2661 (Windows 10 0.0.0) LOG: 'web view'
,Chrome 50.0.2661 (Windows 10 0.0.0) LOG: 'web view'
,Chrome 50.0.2661 (Windows 10 0.0.0) LOG: 'web view'
,Chrome 50.0.2661 (Windows 10 0.0.0) LOG: 'web view'
,Chrome 50.0.2661 (Windows 10 0.0.0) LOG: 'web view'
,Chrome 50.0.2661 (Windows 10 0.0.0) LOG: 'web view'
,Chrome 50.0.2661 (Windows 10 0.0.0) LOG: 'web view'
,Chrome 50.0.2661 (Windows 10 0.0.0) LOG: 'web view'
,Chrome 50.0.2661 (Windows 10 0.0.0) LOG: 'web view'
,Chrome 50.0.2661 (Windows 10 0.0.0) LOG: 'web view'
,Chrome 50.0.2661 (Windows 10 0.0.0) LOG: 'web view'
,Chrome 50.0.2661 (Windows 10 0.0.0) LOG: 'web view'
,Chrome 50.0.2661 (Windows 10 0.0.0) ERROR: 'Scan failed: ', 'Scan failed'
,Chrome 50.0.2661 (Windows 10 0.0.0) LOG: 'web view'
,Chrome 50.0.2661 (Windows 10 0.0.0) LOG: 'web view'
,Chrome 50.0.2661 (Windows 10 0.0.0) LOG: 'web view'
,Chrome 50.0.2661 (Windows 10 0.0.0) LOG: 'web view'
,Chrome 50.0.2661 (Windows 10 0.0.0) LOG: 'web view'
,Chrome 50.0.2661 (Windows 10 0.0.0) LOG: 'https://stage-NEW.rcredits.org/pos'
,Chrome 50.0.2661 (Windows 10 0.0.0) ERROR: Error{}
,Chrome 50.0.2661 (Windows 10 0.0.0) LOG: 'web view'
,Chrome 50.0.2661 (Windows 10 0.0.0) LOG: 'https://stage-NEW.rcredits.org/pos'
,Chrome 50.0.2661 (Windows 10 0.0.0) ERROR: Error{}
,Chrome 50.0.2661 (Windows 10 0.0.0) LOG: 'web view'
,Chrome 50.0.2661 (Windows 10 0.0.0) LOG: 'https://stage-NEW.rcredits.org/pos'
,Chrome 50.0.2661 (Windows 10 0.0.0) ERROR: Error{}
,Chrome 50.0.2661 (Windows 10 0.0.0) LOG: 'web view'
,Chrome 50.0.2661 (Windows 10 0.0.0) LOG: 'https://stage-NEW.rcredits.org/pos'
,Chrome 50.0.2661 (Windows 10 0.0.0) ERROR: Error{}
,Chrome 50.0.2661 (Windows 10 0.0.0) LOG: 'web view'
,Chrome 50.0.2661 (Windows 10 0.0.0) LOG: 'https://stage-NEW.rcredits.org/pos'
,Chrome 50.0.2661 (Windows 10 0.0.0) ERROR: Error{}
,Chrome 50.0.2661 (Windows 10 0.0.0) LOG: 'web view'
,Chrome 50.0.2661 (Windows 10 0.0.0) LOG: 'https://stage-NEW.rcredits.org/pos'
,Chrome 50.0.2661 (Windows 10 0.0.0) ERROR: Error{}
,Chrome 50.0.2661 (Windows 10 0.0.0) LOG: 'web view'
,Chrome 50.0.2661 (Windows 10 0.0.0) LOG: 'https://stage-NEW.rcredits.org/pos'
,Chrome 50.0.2661 (Windows 10 0.0.0) ERROR: Error{}
,Chrome 50.0.2661 (Windows 10 0.0.0) LOG: 'web view'
,Chrome 50.0.2661 (Windows 10 0.0.0) LOG: 'https://stage-NEW.rcredits.org/pos'
,Chrome 50.0.2661 (Windows 10 0.0.0) ERROR: Error{}
,Chrome 50.0.2661 (Windows 10 0.0.0) LOG: 'web view'
,Chrome 50.0.2661 (Windows 10 0.0.0) LOG: 'https://stage-NEW.rcredits.org/pos'
,Chrome 50.0.2661 (Windows 10 0.0.0) ERROR: Error{}
,Chrome 50.0.2661 (Windows 10 0.0.0) LOG: 'web view'
,Chrome 50.0.2661 (Windows 10 0.0.0) LOG: 'https://stage-NEW.rcredits.org/pos'
,Chrome 50.0.2661 (Windows 10 0.0.0) ERROR: Error{}
,Chrome 50.0.2661 (Windows 10 0.0.0) LOG: 'web view'
,Chrome 50.0.2661 (Windows 10 0.0.0) LOG: 'https://stage-NEW.rcredits.org/pos'
,Chrome 50.0.2661 (Windows 10 0.0.0) ERROR: Error{}
,Chrome 50.0.2661 (Windows 10 0.0.0) LOG: 'web view'
,Chrome 50.0.2661 (Windows 10 0.0.0) LOG: 'web view'

]]>
  </system-out>
  <system-err/>
</testsuite>