<?xml version="1.0"?>
<testsuite name="Chrome 51.0.2704 (Windows 10 0.0.0)" package="" timestamp="2016-05-28T02:46:38" id="0" hostname="AaronEJs-Laptop" tests="39" errors="0" failures="10" time="1.12">
  <properties>
    <property name="browser.fullName" value="Mozilla/5.0 (Windows NT 10.0; WOW64) AppleWebKit/537.36 (KHTML, like Gecko) Chrome/51.0.2704.63 Safari/537.36"/>
  </properties>
  <testcase name="Fee Should apply fee Apply fee of Cash" time="0.122" classname="Chrome_51_0_2704_(Windows_10_0_0_0).Fee"/>
  <testcase name="Fee Should apply fee Apply fee of Percent" time="0.031" classname="Chrome_51_0_2704_(Windows_10_0_0_0).Fee"/>
  <testcase name="Fee Should apply fee Apply fee for Zero amount" time="0.019" classname="Chrome_51_0_2704_(Windows_10_0_0_0).Fee"/>
  <testcase name="Fee Should apply fee Apply fee for Negative amount" time="0.03" classname="Chrome_51_0_2704_(Windows_10_0_0_0).Fee"/>
  <testcase name="Payment Type Should apply fee Apply fee" time="0.023" classname="Chrome_51_0_2704_(Windows_10_0_0_0).Payment Type"/>
  <testcase name="Seller Model Should set Name" time="0.019" classname="Chrome_51_0_2704_(Windows_10_0_0_0).Seller Model"/>
  <testcase name="Seller Model Should have localStorage device" time="0.024" classname="Chrome_51_0_2704_(Windows_10_0_0_0).Seller Model"/>
  <testcase name="Seller Model Should not have Device ID" time="0.023" classname="Chrome_51_0_2704_(Windows_10_0_0_0).Seller Model"/>
  <testcase name="Seller Model Should have custom Device ID" time="0.02" classname="Chrome_51_0_2704_(Windows_10_0_0_0).Seller Model"/>
  <testcase name="Seller Model Not valid device ID" time="0.011" classname="Chrome_51_0_2704_(Windows_10_0_0_0).Seller Model"/>
  <testcase name="Seller Model Throw exception when setting invalid Device ID" time="0.018" classname="Chrome_51_0_2704_(Windows_10_0_0_0).Seller Model"/>
  <testcase name="Url Configurator Should create url replace the member ID" time="0.002" classname="Chrome_51_0_2704_(Windows_10_0_0_0).Url Configurator">
    <failure type="">TypeError: account.isDemo is not a function
    at UrlConfigurator.getServerUrl (E:/xampp/htdocs/cgf/rcredits-mobile/www/js/models/url_configurator.js:7:15)
    at Object.&lt;anonymous&gt; (E:/xampp/htdocs/cgf/rcredits-mobile/test/js/models/url_configurator_spec.js:9:61)
</failure>
  </testcase>
  <testcase name="Barcode Scanner Service Scan a code Scan is a QR CODE" time="0.013" classname="Chrome_51_0_2704_(Windows_10_0_0_0).Barcode Scanner Service"/>
  <testcase name="Barcode Scanner Service Scan a code Scan is NOT a QR CODE" time="0.074" classname="Chrome_51_0_2704_(Windows_10_0_0_0).Barcode Scanner Service"/>
  <testcase name="Barcode Scanner Service Scan a code Scan Was Cancelled" time="0.022" classname="Chrome_51_0_2704_(Windows_10_0_0_0).Barcode Scanner Service"/>
  <testcase name="Barcode Scanner Service Scan a code Scan Failed" time="0.018" classname="Chrome_51_0_2704_(Windows_10_0_0_0).Barcode Scanner Service"/>
  <testcase name="Exchange Service Create Money Types Should create Money Types when instantiated" time="0.023" classname="Chrome_51_0_2704_(Windows_10_0_0_0).Exchange Service"/>
  <testcase name="Exchange Service Create Money Types Should return cloned Money Instances" time="0.014" classname="Chrome_51_0_2704_(Windows_10_0_0_0).Exchange Service"/>
  <testcase name="Exchange Service Create Payment Types Should create Payment Types when instantiated" time="0.014" classname="Chrome_51_0_2704_(Windows_10_0_0_0).Exchange Service"/>
  <testcase name="Exchange Service Create Payment Types Should return cloned Payment Instances" time="0.026" classname="Chrome_51_0_2704_(Windows_10_0_0_0).Exchange Service"/>
  <testcase name="QRCode Parser Account type must be Company" time="0.001" classname="Chrome_51_0_2704_(Windows_10_0_0_0).QRCode Parser"/>
  <testcase name="QRCode Parser Account type must be Personal" time="0" classname="Chrome_51_0_2704_(Windows_10_0_0_0).QRCode Parser"/>
  <testcase name="QRCode Parser Parse Company Account ID" time="0" classname="Chrome_51_0_2704_(Windows_10_0_0_0).QRCode Parser"/>
  <testcase name="QRCode Parser Parse Individual Account ID" time="0.001" classname="Chrome_51_0_2704_(Windows_10_0_0_0).QRCode Parser"/>
  <testcase name="QRCode Parser Parse Company Security Code" time="0" classname="Chrome_51_0_2704_(Windows_10_0_0_0).QRCode Parser"/>
  <testcase name="QRCode Parser Parse Individual Security Code" time="0" classname="Chrome_51_0_2704_(Windows_10_0_0_0).QRCode Parser"/>
  <testcase name="Transaction Service Charge Should create a Transaction given a transaction response" time="0.217" classname="Chrome_51_0_2704_(Windows_10_0_0_0).Transaction Service"/>
  <testcase name="Transaction Service Charge Should charge and return a Transaction Object" time="0.036" classname="Chrome_51_0_2704_(Windows_10_0_0_0).Transaction Service">
    <failure type="">TypeError: Cannot read property 'accountInfo' of null
    at TransactionService.makeTransactionRequest (E:/xampp/htdocs/cgf/rcredits-mobile/www/js/services/transaction_service.js:32:53)
    at TransactionService.charge (E:/xampp/htdocs/cgf/rcredits-mobile/www/js/services/transaction_service.js:65:16)
    at Object.&lt;anonymous&gt; (E:/xampp/htdocs/cgf/rcredits-mobile/test/js/services/transaction_service_spec.js:99:23)
</failure>
  </testcase>
  <testcase name="Transaction Service Charge Should charge and update customer reward and balance" time="0.033" classname="Chrome_51_0_2704_(Windows_10_0_0_0).Transaction Service">
    <failure type="">TypeError: Cannot read property 'accountInfo' of null
    at TransactionService.makeTransactionRequest (E:/xampp/htdocs/cgf/rcredits-mobile/www/js/services/transaction_service.js:32:53)
    at TransactionService.charge (E:/xampp/htdocs/cgf/rcredits-mobile/www/js/services/transaction_service.js:65:16)
    at Object.&lt;anonymous&gt; (E:/xampp/htdocs/cgf/rcredits-mobile/test/js/services/transaction_service_spec.js:112:23)
</failure>
  </testcase>
  <testcase name="Transaction Service Charge Charge transaction should fail" time="0.026" classname="Chrome_51_0_2704_(Windows_10_0_0_0).Transaction Service">
    <failure type="">TypeError: Cannot read property 'accountInfo' of null
    at TransactionService.makeTransactionRequest (E:/xampp/htdocs/cgf/rcredits-mobile/www/js/services/transaction_service.js:32:53)
    at TransactionService.charge (E:/xampp/htdocs/cgf/rcredits-mobile/www/js/services/transaction_service.js:65:16)
    at Object.&lt;anonymous&gt; (E:/xampp/htdocs/cgf/rcredits-mobile/test/js/services/transaction_service_spec.js:120:23)
</failure>
  </testcase>
  <testcase name="Transaction Service Refund Should charge and return a Transaction Object" time="0.036" classname="Chrome_51_0_2704_(Windows_10_0_0_0).Transaction Service">
    <failure type="">TypeError: Cannot read property 'accountInfo' of null
    at TransactionService.makeTransactionRequest (E:/xampp/htdocs/cgf/rcredits-mobile/www/js/services/transaction_service.js:32:53)
    at TransactionService.charge (E:/xampp/htdocs/cgf/rcredits-mobile/www/js/services/transaction_service.js:65:16)
    at TransactionService.refund (E:/xampp/htdocs/cgf/rcredits-mobile/www/js/services/transaction_service.js:92:16)
    at Object.&lt;anonymous&gt; (E:/xampp/htdocs/cgf/rcredits-mobile/test/js/services/transaction_service_spec.js:129:23)
</failure>
  </testcase>
  <testcase name="Transaction Service Undo Transaction Should undo a Transaction" time="0.024" classname="Chrome_51_0_2704_(Windows_10_0_0_0).Transaction Service">
    <failure type="">TypeError: Cannot read property 'accountInfo' of null
    at TransactionService.makeTransactionRequest (E:/xampp/htdocs/cgf/rcredits-mobile/www/js/services/transaction_service.js:32:53)
    at TransactionService.charge (E:/xampp/htdocs/cgf/rcredits-mobile/www/js/services/transaction_service.js:65:16)
    at Object.&lt;anonymous&gt; (E:/xampp/htdocs/cgf/rcredits-mobile/test/js/services/transaction_service_spec.js:141:23)
</failure>
  </testcase>
  <testcase name="User Service Seller login withRcard Should send correct member and code values based on input URL" time="0.025" classname="Chrome_51_0_2704_(Windows_10_0_0_0).User Service"/>
  <testcase name="User Service Seller login withRcard Should handle error (i.e. ok = 0)" time="0.05" classname="Chrome_51_0_2704_(Windows_10_0_0_0).User Service">
    <failure type="">Expected undefined to be 'bad agent NEW:AABs'.
    at E:/xampp/htdocs/cgf/rcredits-mobile/test/js/services/user_service_spec.js:81:24
    at processQueue (E:/xampp/htdocs/cgf/rcredits-mobile/www/lib/ionic/js/ionic.bundle.js:27879:28)
    at E:/xampp/htdocs/cgf/rcredits-mobile/www/lib/ionic/js/ionic.bundle.js:27895:27
    at Scope.$eval (E:/xampp/htdocs/cgf/rcredits-mobile/www/lib/ionic/js/ionic.bundle.js:29158:28)
</failure>
  </testcase>
  <testcase name="User Service Seller login withRcard Should also set firstLogin: FALSE on seller object if deviceId was not sent" time="0.027" classname="Chrome_51_0_2704_(Windows_10_0_0_0).User Service"/>
  <testcase name="User Service Seller login withRcard Should also set firstLogin: TRUE on seller object if deviceId was sent and it's not on localStorage" time="0.022" classname="Chrome_51_0_2704_(Windows_10_0_0_0).User Service"/>
  <testcase name="User Service Seller login withRcard Seller login error" time="0.023" classname="Chrome_51_0_2704_(Windows_10_0_0_0).User Service">
    <failure type="">Expected undefined to be 'login_your_self'.
    at E:/xampp/htdocs/cgf/rcredits-mobile/test/js/services/user_service_spec.js:116:24
    at processQueue (E:/xampp/htdocs/cgf/rcredits-mobile/www/lib/ionic/js/ionic.bundle.js:27879:28)
    at E:/xampp/htdocs/cgf/rcredits-mobile/www/lib/ionic/js/ionic.bundle.js:27895:27
    at Scope.$eval (E:/xampp/htdocs/cgf/rcredits-mobile/www/lib/ionic/js/ionic.bundle.js:29158:28)
</failure>
  </testcase>
  <testcase name="User Service Identify Customer Customer login" time="0.018" classname="Chrome_51_0_2704_(Windows_10_0_0_0).User Service">
    <failure type="">can_not_use_demo_card thrown
</failure>
    <failure type="">Error: Unflushed requests: 5
    at Function.$httpBackend.verifyNoOutstandingRequest (E:/xampp/htdocs/cgf/rcredits-mobile/node_modules/angular-mocks/angular-mocks.js:1597:13)
    at Object.&lt;anonymous&gt; (E:/xampp/htdocs/cgf/rcredits-mobile/test/js/services/user_service_spec.js:58:17)
</failure>
  </testcase>
  <testcase name="User Service Identify Customer Customer login with FIRST PURCHASE" time="0.035" classname="Chrome_51_0_2704_(Windows_10_0_0_0).User Service">
    <failure type="">can_not_use_demo_card thrown
</failure>
    <failure type="">Error: Unflushed requests: 5
    at Function.$httpBackend.verifyNoOutstandingRequest (E:/xampp/htdocs/cgf/rcredits-mobile/node_modules/angular-mocks/angular-mocks.js:1597:13)
    at Object.&lt;anonymous&gt; (E:/xampp/htdocs/cgf/rcredits-mobile/test/js/services/user_service_spec.js:58:17)
</failure>
  </testcase>
  <system-out>
    <![CDATA[Chrome 51.0.2704 (Windows 10 0.0.0) LOG: 'web view'
,Chrome 51.0.2704 (Windows 10 0.0.0) LOG: 'web view'
,Chrome 51.0.2704 (Windows 10 0.0.0) LOG: 'web view'
,Chrome 51.0.2704 (Windows 10 0.0.0) LOG: 'web view'
,Chrome 51.0.2704 (Windows 10 0.0.0) LOG: 'web view'
,Chrome 51.0.2704 (Windows 10 0.0.0) LOG: 'web view'
,Chrome 51.0.2704 (Windows 10 0.0.0) LOG: 'web view'
,Chrome 51.0.2704 (Windows 10 0.0.0) LOG: 'web view'
,Chrome 51.0.2704 (Windows 10 0.0.0) LOG: 'web view'
,Chrome 51.0.2704 (Windows 10 0.0.0) LOG: 'web view'
,Chrome 51.0.2704 (Windows 10 0.0.0) LOG: 'web view'
,Chrome 51.0.2704 (Windows 10 0.0.0) LOG: 'web view'
,Chrome 51.0.2704 (Windows 10 0.0.0) LOG: 'web view'
,Chrome 51.0.2704 (Windows 10 0.0.0) LOG: 'web view'
,Chrome 51.0.2704 (Windows 10 0.0.0) LOG: 'web view'
,Chrome 51.0.2704 (Windows 10 0.0.0) ERROR: 'Scan failed: ', 'Scan failed'
,Chrome 51.0.2704 (Windows 10 0.0.0) LOG: 'web view'
,Chrome 51.0.2704 (Windows 10 0.0.0) LOG: 'web view'
,Chrome 51.0.2704 (Windows 10 0.0.0) LOG: 'web view'
,Chrome 51.0.2704 (Windows 10 0.0.0) LOG: 'web view'
,Chrome 51.0.2704 (Windows 10 0.0.0) LOG: 'web view'
,Chrome 51.0.2704 (Windows 10 0.0.0) LOG: 'UrlConfigurator'
,Chrome 51.0.2704 (Windows 10 0.0.0) LOG: 'https://stage-NEW.rcredits.org/pos'
,Chrome 51.0.2704 (Windows 10 0.0.0) ERROR: Error{}
,Chrome 51.0.2704 (Windows 10 0.0.0) LOG: 'web view'
,Chrome 51.0.2704 (Windows 10 0.0.0) LOG: 'UrlConfigurator'
,Chrome 51.0.2704 (Windows 10 0.0.0) LOG: 'https://stage-NEW.rcredits.org/pos'
,Chrome 51.0.2704 (Windows 10 0.0.0) ERROR: Error{}
,Chrome 51.0.2704 (Windows 10 0.0.0) LOG: 'web view'
,Chrome 51.0.2704 (Windows 10 0.0.0) LOG: 'UrlConfigurator'
,Chrome 51.0.2704 (Windows 10 0.0.0) LOG: 'https://stage-NEW.rcredits.org/pos'
,Chrome 51.0.2704 (Windows 10 0.0.0) ERROR: Error{}
,Chrome 51.0.2704 (Windows 10 0.0.0) LOG: 'web view'
,Chrome 51.0.2704 (Windows 10 0.0.0) LOG: 'UrlConfigurator'
,Chrome 51.0.2704 (Windows 10 0.0.0) LOG: 'https://stage-NEW.rcredits.org/pos'
,Chrome 51.0.2704 (Windows 10 0.0.0) ERROR: Error{}
,Chrome 51.0.2704 (Windows 10 0.0.0) LOG: 'web view'
,Chrome 51.0.2704 (Windows 10 0.0.0) LOG: 'UrlConfigurator'
,Chrome 51.0.2704 (Windows 10 0.0.0) LOG: 'https://stage-NEW.rcredits.org/pos'
,Chrome 51.0.2704 (Windows 10 0.0.0) ERROR: Error{}
,Chrome 51.0.2704 (Windows 10 0.0.0) LOG: 'web view'
,Chrome 51.0.2704 (Windows 10 0.0.0) LOG: 'UrlConfigurator'
,Chrome 51.0.2704 (Windows 10 0.0.0) LOG: 'https://stage-NEW.rcredits.org/pos'
,Chrome 51.0.2704 (Windows 10 0.0.0) ERROR: Error{}
,Chrome 51.0.2704 (Windows 10 0.0.0) LOG: 'web view'
,Chrome 51.0.2704 (Windows 10 0.0.0) LOG: 'UrlConfigurator'
,Chrome 51.0.2704 (Windows 10 0.0.0) LOG: 'https://stage-NEW.rcredits.org/pos'
,Chrome 51.0.2704 (Windows 10 0.0.0) ERROR: Error{}
,Chrome 51.0.2704 (Windows 10 0.0.0) LOG: 'web view'
,Chrome 51.0.2704 (Windows 10 0.0.0) LOG: 'UrlConfigurator'
,Chrome 51.0.2704 (Windows 10 0.0.0) LOG: 'https://stage-NEW.rcredits.org/pos'
,Chrome 51.0.2704 (Windows 10 0.0.0) ERROR: Error{}
,Chrome 51.0.2704 (Windows 10 0.0.0) LOG: 'web view'
,Chrome 51.0.2704 (Windows 10 0.0.0) LOG: 'UrlConfigurator'
,Chrome 51.0.2704 (Windows 10 0.0.0) LOG: 'https://stage-NEW.rcredits.org/pos'
,Chrome 51.0.2704 (Windows 10 0.0.0) ERROR: Error{}
,Chrome 51.0.2704 (Windows 10 0.0.0) LOG: 'web view'
,Chrome 51.0.2704 (Windows 10 0.0.0) LOG: 'UrlConfigurator'
,Chrome 51.0.2704 (Windows 10 0.0.0) LOG: 'https://stage-NEW.rcredits.org/pos'
,Chrome 51.0.2704 (Windows 10 0.0.0) ERROR: Error{}
,Chrome 51.0.2704 (Windows 10 0.0.0) LOG: 'web view'
,Chrome 51.0.2704 (Windows 10 0.0.0) LOG: 'UrlConfigurator'
,Chrome 51.0.2704 (Windows 10 0.0.0) LOG: 'https://stage-NEW.rcredits.org/pos'
,Chrome 51.0.2704 (Windows 10 0.0.0) ERROR: Error{}
,Chrome 51.0.2704 (Windows 10 0.0.0) LOG: 'web view'
,Chrome 51.0.2704 (Windows 10 0.0.0) LOG: 'web view'

]]>
  </system-out>
  <system-err/>
</testsuite>